25 мая 2022 - 10:24:55.138 - com.company.UzCardApplication -  INFO  - Starting UzCardApplication using Java 17.0.3 on us-HP-Pavilion-Laptop-15-eg0xxx with PID 5163 (/home/us/IdeaProjects/UzCard/target/classes started by us in /home/us/IdeaProjects/UzCard)
25 мая 2022 - 10:24:55.139 - com.company.UzCardApplication -  DEBUG - Running with Spring Boot v2.7.0, Spring v5.3.20
25 мая 2022 - 10:24:55.139 - com.company.UzCardApplication -  INFO  - The following 1 profile is active: "dev"
25 мая 2022 - 10:24:55.258 - o.s.b.d.e.DevToolsPropertyDefaultsPostProcessor -  INFO  - Devtools property defaults active! Set 'spring.devtools.add-properties' to 'false' to disable
25 мая 2022 - 10:24:55.258 - o.s.b.d.e.DevToolsPropertyDefaultsPostProcessor -  INFO  - For additional web related logging consider setting the 'logging.level.web' property to 'DEBUG'
25 мая 2022 - 10:24:56.638 - o.s.d.r.c.RepositoryConfigurationDelegate -  INFO  - Bootstrapping Spring Data JPA repositories in DEFAULT mode.
25 мая 2022 - 10:24:56.653 - o.s.d.r.c.RepositoryConfigurationDelegate -  INFO  - Finished Spring Data repository scanning in 6 ms. Found 0 JPA repository interfaces.
25 мая 2022 - 10:24:57.070 - o.s.b.w.e.tomcat.TomcatWebServer -  INFO  - Tomcat initialized with port(s): 8080 (http)
25 мая 2022 - 10:24:57.075 - o.a.catalina.core.StandardService -  INFO  - Starting service [Tomcat]
25 мая 2022 - 10:24:57.075 - o.a.catalina.core.StandardEngine -  INFO  - Starting Servlet engine: [Apache Tomcat/9.0.63]
25 мая 2022 - 10:24:57.107 - o.a.c.c.C.[Tomcat].[localhost].[/] -  INFO  - Initializing Spring embedded WebApplicationContext
25 мая 2022 - 10:24:57.107 - o.s.b.w.s.c.ServletWebServerApplicationContext -  INFO  - Root WebApplicationContext: initialization completed in 1849 ms
25 мая 2022 - 10:24:57.183 - o.h.jpa.internal.util.LogHelper -  INFO  - HHH000204: Processing PersistenceUnitInfo [name: default]
25 мая 2022 - 10:24:57.213 - org.hibernate.Version -  INFO  - HHH000412: Hibernate ORM core version 5.6.9.Final
25 мая 2022 - 10:24:57.302 - o.h.annotations.common.Version -  INFO  - HCANN000001: Hibernate Commons Annotations {5.1.2.Final}
25 мая 2022 - 10:24:57.372 - com.zaxxer.hikari.HikariDataSource -  INFO  - HikariPool-1 - Starting...
25 мая 2022 - 10:24:57.555 - com.zaxxer.hikari.HikariDataSource -  INFO  - HikariPool-1 - Start completed.
25 мая 2022 - 10:24:57.566 - org.hibernate.dialect.Dialect -  INFO  - HHH000400: Using dialect: org.hibernate.dialect.PostgreSQL10Dialect
25 мая 2022 - 10:24:57.682 - o.h.e.t.j.p.i.JtaPlatformInitiator -  INFO  - HHH000490: Using JtaPlatform implementation: [org.hibernate.engine.transaction.jta.platform.internal.NoJtaPlatform]
25 мая 2022 - 10:24:57.687 - o.s.o.j.LocalContainerEntityManagerFactoryBean -  INFO  - Initialized JPA EntityManagerFactory for persistence unit 'default'
25 мая 2022 - 10:24:57.724 - o.s.b.a.o.j.JpaBaseConfiguration$JpaWebConfiguration -  WARN  - spring.jpa.open-in-view is enabled by default. Therefore, database queries may be performed during view rendering. Explicitly configure spring.jpa.open-in-view to disable this warning
25 мая 2022 - 10:24:57.836 - o.s.s.web.DefaultSecurityFilterChain -  INFO  - Will secure any request with [org.springframework.security.web.session.DisableEncodeUrlFilter@768e4da7, org.springframework.security.web.context.request.async.WebAsyncManagerIntegrationFilter@5e7f05b8, org.springframework.security.web.context.SecurityContextPersistenceFilter@19d13e4, org.springframework.security.web.header.HeaderWriterFilter@503ce246, org.springframework.security.web.authentication.logout.LogoutFilter@5eb12de8, org.springframework.security.web.session.ConcurrentSessionFilter@5b52da58, org.springframework.security.web.authentication.www.BasicAuthenticationFilter@3b2a810b, org.springframework.security.web.savedrequest.RequestCacheAwareFilter@38eef15f, org.springframework.security.web.servletapi.SecurityContextHolderAwareRequestFilter@3926ede9, org.springframework.security.web.authentication.AnonymousAuthenticationFilter@2f60aa8b, org.springframework.security.web.session.SessionManagementFilter@1b87256e, org.springframework.security.web.access.ExceptionTranslationFilter@7cb0c6b, org.springframework.security.web.access.intercept.FilterSecurityInterceptor@7a6e4a3f]
25 мая 2022 - 10:24:58.028 - o.s.b.d.a.OptionalLiveReloadServer -  INFO  - LiveReload server is running on port 35729
25 мая 2022 - 10:24:58.052 - o.s.b.w.e.tomcat.TomcatWebServer -  INFO  - Tomcat started on port(s): 8080 (http) with context path ''
25 мая 2022 - 10:24:58.065 - com.company.UzCardApplication -  INFO  - Started UzCardApplication in 3.242 seconds (JVM running for 3.855)
25 мая 2022 - 10:25:09.527 - o.a.c.c.C.[Tomcat].[localhost].[/] -  INFO  - Initializing Spring DispatcherServlet 'dispatcherServlet'
25 мая 2022 - 10:25:09.528 - o.s.web.servlet.DispatcherServlet -  INFO  - Initializing Servlet 'dispatcherServlet'
25 мая 2022 - 10:25:09.529 - o.s.web.servlet.DispatcherServlet -  INFO  - Completed initialization in 1 ms
